<?xml version="1.0" encoding="UTF-8" standalone="no"?>
<testsuite errors="0" failures="1" name="io.cucumber.core.plugin.JUnitFormatter" skipped="0" tests="1" time="23.424">
    <testcase classname="Password segment on Homepage should be editable" name="Change Password" time="22.879">
        <failure message="" type="java.lang.AssertionError">
            <![CDATA[Given Go to home page link..................................................passed
And Click to User Account...................................................passed
And Enter the username......................................................passed
And Enter the password......................................................passed
And Click to Sign...........................................................passed
And Click to User Account Password..........................................passed
And Enter the Current Password..............................................passed
And Enter the New Password..................................................passed
And check password availability.............................................failed
And Enter the New Password Confirmation.....................................skipped
Then Click to Save in button................................................skipped

StackTrace:
java.lang.AssertionError
	at org.junit.Assert.fail(Assert.java:87)
	at org.junit.Assert.assertTrue(Assert.java:42)
	at org.junit.Assert.assertFalse(Assert.java:65)
	at org.junit.Assert.assertFalse(Assert.java:75)
	at stepdefinitions.ChangePasswordStepDef.check_password_availability(ChangePasswordStepDef.java:75)
	at âœ½.check password availability(file:///C:/Users/Efekan/git/com.gmibank/src/test/resources/features/US08ChangePassword.feature:14)
]]>
        </failure>
    </testcase>
</testsuite>
